<?xml version="1.0" encoding="UTF-8" ?>
<testsuite failures="0" time="1.948" errors="0" skipped="0" tests="9" name="fi.opendemocracy.domain.PropositionOptionIntegrationTest">
  <properties>
[...]
</properties>
  <testcase time="0.067" classname="fi.opendemocracy.domain.PropositionOptionIntegrationTest" name="testMarkerMethod"/>
  <testcase time="0.631" classname="fi.opendemocracy.domain.PropositionOptionIntegrationTest" name="testFlush"/>
  <testcase time="0.169" classname="fi.opendemocracy.domain.PropositionOptionIntegrationTest" name="testMerge"/>
  <testcase time="0.434" classname="fi.opendemocracy.domain.PropositionOptionIntegrationTest" name="testPersist"/>
  <testcase time="0.158" classname="fi.opendemocracy.domain.PropositionOptionIntegrationTest" name="testRemove"/>
  <testcase time="0.109" classname="fi.opendemocracy.domain.PropositionOptionIntegrationTest" name="testCountPropositionOptions"/>
  <testcase time="0.063" classname="fi.opendemocracy.domain.PropositionOptionIntegrationTest" name="testFindPropositionOption"/>
  <testcase time="0.156" classname="fi.opendemocracy.domain.PropositionOptionIntegrationTest" name="testFindAllPropositionOptions"/>
  <testcase time="0.156" classname="fi.opendemocracy.domain.PropositionOptionIntegrationTest" name="testFindPropositionOptionEntries"/>
</testsuite>